[debug] [2023-05-13T18:25:16.123Z] ----------------------------------------------------------------------
[debug] [2023-05-13T18:25:16.125Z] Command:       C:\Program Files\nodejs\node.exe C:\Users\nk820\AppData\Roaming\npm\node_modules\firebase-tools\lib\bin\firebase.js login
[debug] [2023-05-13T18:25:16.126Z] CLI Version:   12.0.0
[debug] [2023-05-13T18:25:16.126Z] Platform:      win32
[debug] [2023-05-13T18:25:16.126Z] Node Version:  v16.15.1
[debug] [2023-05-13T18:25:16.127Z] Time:          Sat May 13 2023 23:55:16 GMT+0530 (India Standard Time)
[debug] [2023-05-13T18:25:16.127Z] ----------------------------------------------------------------------
[debug] 
[debug] [2023-05-13T18:25:16.131Z] >>> [apiv2][query] GET https://firebase-public.firebaseio.com/cli.json [none]
[info] i  Firebase optionally collects CLI and Emulator Suite usage and error reporting information to help improve our products. Data is collected in accordance with Google's privacy policy (https://policies.google.com/privacy) and is not used to identify you.
 
[debug] [2023-05-13T18:25:17.075Z] <<< [apiv2][status] GET https://firebase-public.firebaseio.com/cli.json 200
[debug] [2023-05-13T18:25:17.075Z] <<< [apiv2][body] GET https://firebase-public.firebaseio.com/cli.json {"cloudBuildErrorAfter":1594252800000,"cloudBuildWarnAfter":1590019200000,"defaultNode10After":1594252800000,"minVersion":"3.0.5","node8DeploysDisabledAfter":1613390400000,"node8RuntimeDisabledAfter":1615809600000,"node8WarnAfter":1600128000000}
[info] i  To change your data collection preference at any time, run `firebase logout` and log in again. 
[info] 
[info] Visit this URL on this device to log in:
[info] https://accounts.google.com/o/oauth2/auth?client_id=563584335869-fgrhgmd47bqnekij5i8b5pr03ho849e6.apps.googleusercontent.com&scope=email%20openid%20https%3A%2F%2Fwww.googleapis.com%2Fauth%2Fcloudplatformprojects.readonly%20https%3A%2F%2Fwww.googleapis.com%2Fauth%2Ffirebase%20https%3A%2F%2Fwww.googleapis.com%2Fauth%2Fcloud-platform&response_type=code&state=640130471&redirect_uri=http%3A%2F%2Flocalhost%3A9005
[info] 
[info] Waiting for authentication...
[debug] [2023-05-13T18:28:04.930Z] ----------------------------------------------------------------------
[debug] [2023-05-13T18:28:04.934Z] Command:       C:\Program Files\nodejs\node.exe C:\Users\nk820\AppData\Roaming\npm\node_modules\firebase-tools\lib\bin\firebase.js login
[debug] [2023-05-13T18:28:04.934Z] CLI Version:   12.0.0
[debug] [2023-05-13T18:28:04.935Z] Platform:      win32
[debug] [2023-05-13T18:28:04.935Z] Node Version:  v16.15.1
[debug] [2023-05-13T18:28:04.937Z] Time:          Sat May 13 2023 23:58:04 GMT+0530 (India Standard Time)
[debug] [2023-05-13T18:28:04.937Z] ----------------------------------------------------------------------
[debug] 
[info] i  Firebase optionally collects CLI and Emulator Suite usage and error reporting information to help improve our products. Data is collected in accordance with Google's privacy policy (https://policies.google.com/privacy) and is not used to identify you.
 
[info] i  To change your data collection preference at any time, run `firebase logout` and log in again. 
[info] 
[info] Visit this URL on this device to log in:
[info] https://accounts.google.com/o/oauth2/auth?client_id=563584335869-fgrhgmd47bqnekij5i8b5pr03ho849e6.apps.googleusercontent.com&scope=email%20openid%20https%3A%2F%2Fwww.googleapis.com%2Fauth%2Fcloudplatformprojects.readonly%20https%3A%2F%2Fwww.googleapis.com%2Fauth%2Ffirebase%20https%3A%2F%2Fwww.googleapis.com%2Fauth%2Fcloud-platform&response_type=code&state=824721871&redirect_uri=http%3A%2F%2Flocalhost%3A9005
[info] 
[info] Waiting for authentication...
